c:\users\peyto\source\repos\graphicslibrary\debug\vc142.pdb
c:\users\peyto\source\repos\graphicslibrary\debug\vc142.idb
c:\users\peyto\source\repos\graphicslibrary\debug\windowmanager.obj
c:\users\peyto\source\repos\graphicslibrary\debug\test.obj
c:\users\peyto\source\repos\graphicslibrary\debug\mainwin32.obj
c:\users\peyto\source\repos\graphicslibrary\debug\graphicslibrary.obj
c:\users\peyto\source\repos\graphicslibrary\debug\config.obj
c:\users\peyto\source\repos\graphicslibrary\debug\shape.obj
c:\users\peyto\source\repos\graphicslibrary\debug\pipeline.obj
c:\users\peyto\source\repos\graphicslibrary\debug\main.obj
c:\users\peyto\source\repos\graphicslibrary\debug\rectangle.obj
c:\users\peyto\source\repos\graphicslibrary\debug\rectangleshape.obj
c:\users\peyto\source\repos\graphicslibrary\debug\graphicslibrary.exe
c:\users\peyto\source\repos\graphicslibrary\debug\graphicslibrary.ilk
c:\users\peyto\source\repos\graphicslibrary\debug\graphicslibrary.pdb
c:\users\peyto\source\repos\graphicslibrary\debug\graphicslibrary.res
c:\users\peyto\source\repos\graphicslibrary\debug\graphicslibrary.tlog\cl.command.1.tlog
c:\users\peyto\source\repos\graphicslibrary\debug\graphicslibrary.tlog\cl.read.1.tlog
c:\users\peyto\source\repos\graphicslibrary\debug\graphicslibrary.tlog\cl.write.1.tlog
c:\users\peyto\source\repos\graphicslibrary\debug\graphicslibrary.tlog\link.command.1.tlog
c:\users\peyto\source\repos\graphicslibrary\debug\graphicslibrary.tlog\link.read.1.tlog
c:\users\peyto\source\repos\graphicslibrary\debug\graphicslibrary.tlog\link.write.1.tlog
c:\users\peyto\source\repos\graphicslibrary\debug\graphicslibrary.tlog\rc.command.1.tlog
c:\users\peyto\source\repos\graphicslibrary\debug\graphicslibrary.tlog\rc.read.1.tlog
c:\users\peyto\source\repos\graphicslibrary\debug\graphicslibrary.tlog\rc.write.1.tlog
